ERROR - 2024-06-29 15:13:23 --> mysqli_sql_exception: Unknown column 'id' in 'where clause' in C:\xampp\htdocs\cici\system\Database\MySQLi\Connection.php:310
Stack trace:
#0 C:\xampp\htdocs\cici\system\Database\MySQLi\Connection.php(310): mysqli->query('UPDATE `blogs` ...', 0)
#1 C:\xampp\htdocs\cici\system\Database\BaseConnection.php(732): CodeIgniter\Database\MySQLi\Connection->execute('UPDATE `blogs` ...')
#2 C:\xampp\htdocs\cici\system\Database\BaseConnection.php(646): CodeIgniter\Database\BaseConnection->simpleQuery('UPDATE `blogs` ...')
#3 C:\xampp\htdocs\cici\system\Database\BaseBuilder.php(2509): CodeIgniter\Database\BaseConnection->query('UPDATE `blogs` ...', Array, false)
#4 C:\xampp\htdocs\cici\system\Model.php(461): CodeIgniter\Database\BaseBuilder->update()
#5 C:\xampp\htdocs\cici\system\BaseModel.php(1028): CodeIgniter\Model->doUpdate(NULL, Array)
#6 C:\xampp\htdocs\cici\system\Model.php(865): CodeIgniter\BaseModel->update(NULL, Array)
#7 C:\xampp\htdocs\cici\app\Controllers\Blogs\BlogController.php(28): CodeIgniter\Model->update()
#8 C:\xampp\htdocs\cici\system\CodeIgniter.php(933): App\Controllers\Blogs\BlogController->editBlog()
#9 C:\xampp\htdocs\cici\system\CodeIgniter.php(509): CodeIgniter\CodeIgniter->runController(Object(App\Controllers\Blogs\BlogController))
#10 C:\xampp\htdocs\cici\system\CodeIgniter.php(355): CodeIgniter\CodeIgniter->handleRequest(NULL, Object(Config\Cache), false)
#11 C:\xampp\htdocs\cici\system\Boot.php(325): CodeIgniter\CodeIgniter->run()
#12 C:\xampp\htdocs\cici\system\Boot.php(67): CodeIgniter\Boot::runCodeIgniter(Object(CodeIgniter\CodeIgniter))
#13 C:\xampp\htdocs\cici\public\index.php(56): CodeIgniter\Boot::bootWeb(Object(Config\Paths))
#14 C:\xampp\htdocs\cici\system\Commands\Server\rewrite.php(49): require_once('C:\\xampp\\htdocs...')
#15 {main}
CRITICAL - 2024-06-29 15:13:23 --> CodeIgniter\Database\Exceptions\DatabaseException: Unknown column 'id' in 'where clause'
[Method: POST, Route: blogs/edit/]
in SYSTEMPATH\Database\BaseConnection.php on line 686.
 1 SYSTEMPATH\Database\BaseBuilder.php(2509): CodeIgniter\Database\BaseConnection->query('UPDATE `blogs` SET `blog_title` = :blog_title:, `blog_details` = :blog_details:
WHERE `id` IS NULL', [...], false)
 2 SYSTEMPATH\Model.php(461): CodeIgniter\Database\BaseBuilder->update()
 3 SYSTEMPATH\BaseModel.php(1028): CodeIgniter\Model->doUpdate(null, [...])
 4 SYSTEMPATH\Model.php(865): CodeIgniter\BaseModel->update(null, [...])
 5 APPPATH\Controllers\Blogs\BlogController.php(28): CodeIgniter\Model->update()
 6 SYSTEMPATH\CodeIgniter.php(933): App\Controllers\Blogs\BlogController->editBlog()
 7 SYSTEMPATH\CodeIgniter.php(509): CodeIgniter\CodeIgniter->runController(Object(App\Controllers\Blogs\BlogController))
 8 SYSTEMPATH\CodeIgniter.php(355): CodeIgniter\CodeIgniter->handleRequest(null, Object(Config\Cache), false)
 9 SYSTEMPATH\Boot.php(325): CodeIgniter\CodeIgniter->run()
10 SYSTEMPATH\Boot.php(67): CodeIgniter\Boot::runCodeIgniter(Object(CodeIgniter\CodeIgniter))
11 FCPATH\index.php(56): CodeIgniter\Boot::bootWeb(Object(Config\Paths))
12 SYSTEMPATH\Commands\Server\rewrite.php(49): require_once('C:\\xampp\\htdocs\\cici\\public\\index.php')
CRITICAL - 2024-06-29 15:13:23 --> [Caused by] CodeIgniter\Database\Exceptions\DatabaseException: Unknown column 'id' in 'where clause'
in SYSTEMPATH\Database\MySQLi\Connection.php on line 315.
 1 SYSTEMPATH\Database\BaseConnection.php(732): CodeIgniter\Database\MySQLi\Connection->execute('UPDATE `blogs` SET `blog_title` = NULL, `blog_details` = NULL
WHERE `id` IS NULL')
 2 SYSTEMPATH\Database\BaseConnection.php(646): CodeIgniter\Database\BaseConnection->simpleQuery('UPDATE `blogs` SET `blog_title` = NULL, `blog_details` = NULL
WHERE `id` IS NULL')
 3 SYSTEMPATH\Database\BaseBuilder.php(2509): CodeIgniter\Database\BaseConnection->query('UPDATE `blogs` SET `blog_title` = :blog_title:, `blog_details` = :blog_details:
WHERE `id` IS NULL', [...], false)
 4 SYSTEMPATH\Model.php(461): CodeIgniter\Database\BaseBuilder->update()
 5 SYSTEMPATH\BaseModel.php(1028): CodeIgniter\Model->doUpdate(null, [...])
 6 SYSTEMPATH\Model.php(865): CodeIgniter\BaseModel->update(null, [...])
 7 APPPATH\Controllers\Blogs\BlogController.php(28): CodeIgniter\Model->update()
 8 SYSTEMPATH\CodeIgniter.php(933): App\Controllers\Blogs\BlogController->editBlog()
 9 SYSTEMPATH\CodeIgniter.php(509): CodeIgniter\CodeIgniter->runController(Object(App\Controllers\Blogs\BlogController))
10 SYSTEMPATH\CodeIgniter.php(355): CodeIgniter\CodeIgniter->handleRequest(null, Object(Config\Cache), false)
11 SYSTEMPATH\Boot.php(325): CodeIgniter\CodeIgniter->run()
12 SYSTEMPATH\Boot.php(67): CodeIgniter\Boot::runCodeIgniter(Object(CodeIgniter\CodeIgniter))
13 FCPATH\index.php(56): CodeIgniter\Boot::bootWeb(Object(Config\Paths))
14 SYSTEMPATH\Commands\Server\rewrite.php(49): require_once('C:\\xampp\\htdocs\\cici\\public\\index.php')
CRITICAL - 2024-06-29 15:13:23 --> [Caused by] mysqli_sql_exception: Unknown column 'id' in 'where clause'
in SYSTEMPATH\Database\MySQLi\Connection.php on line 310.
 1 SYSTEMPATH\Database\MySQLi\Connection.php(310): mysqli->query('UPDATE `blogs` SET `blog_title` = NULL, `blog_details` = NULL
WHERE `id` IS NULL', 0)
 2 SYSTEMPATH\Database\BaseConnection.php(732): CodeIgniter\Database\MySQLi\Connection->execute('UPDATE `blogs` SET `blog_title` = NULL, `blog_details` = NULL
WHERE `id` IS NULL')
 3 SYSTEMPATH\Database\BaseConnection.php(646): CodeIgniter\Database\BaseConnection->simpleQuery('UPDATE `blogs` SET `blog_title` = NULL, `blog_details` = NULL
WHERE `id` IS NULL')
 4 SYSTEMPATH\Database\BaseBuilder.php(2509): CodeIgniter\Database\BaseConnection->query('UPDATE `blogs` SET `blog_title` = :blog_title:, `blog_details` = :blog_details:
WHERE `id` IS NULL', [...], false)
 5 SYSTEMPATH\Model.php(461): CodeIgniter\Database\BaseBuilder->update()
 6 SYSTEMPATH\BaseModel.php(1028): CodeIgniter\Model->doUpdate(null, [...])
 7 SYSTEMPATH\Model.php(865): CodeIgniter\BaseModel->update(null, [...])
 8 APPPATH\Controllers\Blogs\BlogController.php(28): CodeIgniter\Model->update()
 9 SYSTEMPATH\CodeIgniter.php(933): App\Controllers\Blogs\BlogController->editBlog()
10 SYSTEMPATH\CodeIgniter.php(509): CodeIgniter\CodeIgniter->runController(Object(App\Controllers\Blogs\BlogController))
11 SYSTEMPATH\CodeIgniter.php(355): CodeIgniter\CodeIgniter->handleRequest(null, Object(Config\Cache), false)
12 SYSTEMPATH\Boot.php(325): CodeIgniter\CodeIgniter->run()
13 SYSTEMPATH\Boot.php(67): CodeIgniter\Boot::runCodeIgniter(Object(CodeIgniter\CodeIgniter))
14 FCPATH\index.php(56): CodeIgniter\Boot::bootWeb(Object(Config\Paths))
15 SYSTEMPATH\Commands\Server\rewrite.php(49): require_once('C:\\xampp\\htdocs\\cici\\public\\index.php')
ERROR - 2024-06-29 15:13:47 --> mysqli_sql_exception: Unknown column 'id' in 'where clause' in C:\xampp\htdocs\cici\system\Database\MySQLi\Connection.php:310
Stack trace:
#0 C:\xampp\htdocs\cici\system\Database\MySQLi\Connection.php(310): mysqli->query('UPDATE `blogs` ...', 0)
#1 C:\xampp\htdocs\cici\system\Database\BaseConnection.php(732): CodeIgniter\Database\MySQLi\Connection->execute('UPDATE `blogs` ...')
#2 C:\xampp\htdocs\cici\system\Database\BaseConnection.php(646): CodeIgniter\Database\BaseConnection->simpleQuery('UPDATE `blogs` ...')
#3 C:\xampp\htdocs\cici\system\Database\BaseBuilder.php(2509): CodeIgniter\Database\BaseConnection->query('UPDATE `blogs` ...', Array, false)
#4 C:\xampp\htdocs\cici\system\Model.php(461): CodeIgniter\Database\BaseBuilder->update()
#5 C:\xampp\htdocs\cici\system\BaseModel.php(1028): CodeIgniter\Model->doUpdate(NULL, Array)
#6 C:\xampp\htdocs\cici\system\Model.php(865): CodeIgniter\BaseModel->update(NULL, Array)
#7 C:\xampp\htdocs\cici\app\Controllers\Blogs\BlogController.php(28): CodeIgniter\Model->update()
#8 C:\xampp\htdocs\cici\system\CodeIgniter.php(933): App\Controllers\Blogs\BlogController->editBlog()
#9 C:\xampp\htdocs\cici\system\CodeIgniter.php(509): CodeIgniter\CodeIgniter->runController(Object(App\Controllers\Blogs\BlogController))
#10 C:\xampp\htdocs\cici\system\CodeIgniter.php(355): CodeIgniter\CodeIgniter->handleRequest(NULL, Object(Config\Cache), false)
#11 C:\xampp\htdocs\cici\system\Boot.php(325): CodeIgniter\CodeIgniter->run()
#12 C:\xampp\htdocs\cici\system\Boot.php(67): CodeIgniter\Boot::runCodeIgniter(Object(CodeIgniter\CodeIgniter))
#13 C:\xampp\htdocs\cici\public\index.php(56): CodeIgniter\Boot::bootWeb(Object(Config\Paths))
#14 C:\xampp\htdocs\cici\system\Commands\Server\rewrite.php(49): require_once('C:\\xampp\\htdocs...')
#15 {main}
CRITICAL - 2024-06-29 15:13:47 --> CodeIgniter\Database\Exceptions\DatabaseException: Unknown column 'id' in 'where clause'
[Method: POST, Route: blogs/edit/]
in SYSTEMPATH\Database\BaseConnection.php on line 686.
 1 SYSTEMPATH\Database\BaseBuilder.php(2509): CodeIgniter\Database\BaseConnection->query('UPDATE `blogs` SET `blog_title` = :blog_title:, `blog_details` = :blog_details:
WHERE `id` IS NULL', [...], false)
 2 SYSTEMPATH\Model.php(461): CodeIgniter\Database\BaseBuilder->update()
 3 SYSTEMPATH\BaseModel.php(1028): CodeIgniter\Model->doUpdate(null, [...])
 4 SYSTEMPATH\Model.php(865): CodeIgniter\BaseModel->update(null, [...])
 5 APPPATH\Controllers\Blogs\BlogController.php(28): CodeIgniter\Model->update()
 6 SYSTEMPATH\CodeIgniter.php(933): App\Controllers\Blogs\BlogController->editBlog()
 7 SYSTEMPATH\CodeIgniter.php(509): CodeIgniter\CodeIgniter->runController(Object(App\Controllers\Blogs\BlogController))
 8 SYSTEMPATH\CodeIgniter.php(355): CodeIgniter\CodeIgniter->handleRequest(null, Object(Config\Cache), false)
 9 SYSTEMPATH\Boot.php(325): CodeIgniter\CodeIgniter->run()
10 SYSTEMPATH\Boot.php(67): CodeIgniter\Boot::runCodeIgniter(Object(CodeIgniter\CodeIgniter))
11 FCPATH\index.php(56): CodeIgniter\Boot::bootWeb(Object(Config\Paths))
12 SYSTEMPATH\Commands\Server\rewrite.php(49): require_once('C:\\xampp\\htdocs\\cici\\public\\index.php')
CRITICAL - 2024-06-29 15:13:47 --> [Caused by] CodeIgniter\Database\Exceptions\DatabaseException: Unknown column 'id' in 'where clause'
in SYSTEMPATH\Database\MySQLi\Connection.php on line 315.
 1 SYSTEMPATH\Database\BaseConnection.php(732): CodeIgniter\Database\MySQLi\Connection->execute('UPDATE `blogs` SET `blog_title` = NULL, `blog_details` = NULL
WHERE `id` IS NULL')
 2 SYSTEMPATH\Database\BaseConnection.php(646): CodeIgniter\Database\BaseConnection->simpleQuery('UPDATE `blogs` SET `blog_title` = NULL, `blog_details` = NULL
WHERE `id` IS NULL')
 3 SYSTEMPATH\Database\BaseBuilder.php(2509): CodeIgniter\Database\BaseConnection->query('UPDATE `blogs` SET `blog_title` = :blog_title:, `blog_details` = :blog_details:
WHERE `id` IS NULL', [...], false)
 4 SYSTEMPATH\Model.php(461): CodeIgniter\Database\BaseBuilder->update()
 5 SYSTEMPATH\BaseModel.php(1028): CodeIgniter\Model->doUpdate(null, [...])
 6 SYSTEMPATH\Model.php(865): CodeIgniter\BaseModel->update(null, [...])
 7 APPPATH\Controllers\Blogs\BlogController.php(28): CodeIgniter\Model->update()
 8 SYSTEMPATH\CodeIgniter.php(933): App\Controllers\Blogs\BlogController->editBlog()
 9 SYSTEMPATH\CodeIgniter.php(509): CodeIgniter\CodeIgniter->runController(Object(App\Controllers\Blogs\BlogController))
10 SYSTEMPATH\CodeIgniter.php(355): CodeIgniter\CodeIgniter->handleRequest(null, Object(Config\Cache), false)
11 SYSTEMPATH\Boot.php(325): CodeIgniter\CodeIgniter->run()
12 SYSTEMPATH\Boot.php(67): CodeIgniter\Boot::runCodeIgniter(Object(CodeIgniter\CodeIgniter))
13 FCPATH\index.php(56): CodeIgniter\Boot::bootWeb(Object(Config\Paths))
14 SYSTEMPATH\Commands\Server\rewrite.php(49): require_once('C:\\xampp\\htdocs\\cici\\public\\index.php')
CRITICAL - 2024-06-29 15:13:47 --> [Caused by] mysqli_sql_exception: Unknown column 'id' in 'where clause'
in SYSTEMPATH\Database\MySQLi\Connection.php on line 310.
 1 SYSTEMPATH\Database\MySQLi\Connection.php(310): mysqli->query('UPDATE `blogs` SET `blog_title` = NULL, `blog_details` = NULL
WHERE `id` IS NULL', 0)
 2 SYSTEMPATH\Database\BaseConnection.php(732): CodeIgniter\Database\MySQLi\Connection->execute('UPDATE `blogs` SET `blog_title` = NULL, `blog_details` = NULL
WHERE `id` IS NULL')
 3 SYSTEMPATH\Database\BaseConnection.php(646): CodeIgniter\Database\BaseConnection->simpleQuery('UPDATE `blogs` SET `blog_title` = NULL, `blog_details` = NULL
WHERE `id` IS NULL')
 4 SYSTEMPATH\Database\BaseBuilder.php(2509): CodeIgniter\Database\BaseConnection->query('UPDATE `blogs` SET `blog_title` = :blog_title:, `blog_details` = :blog_details:
WHERE `id` IS NULL', [...], false)
 5 SYSTEMPATH\Model.php(461): CodeIgniter\Database\BaseBuilder->update()
 6 SYSTEMPATH\BaseModel.php(1028): CodeIgniter\Model->doUpdate(null, [...])
 7 SYSTEMPATH\Model.php(865): CodeIgniter\BaseModel->update(null, [...])
 8 APPPATH\Controllers\Blogs\BlogController.php(28): CodeIgniter\Model->update()
 9 SYSTEMPATH\CodeIgniter.php(933): App\Controllers\Blogs\BlogController->editBlog()
10 SYSTEMPATH\CodeIgniter.php(509): CodeIgniter\CodeIgniter->runController(Object(App\Controllers\Blogs\BlogController))
11 SYSTEMPATH\CodeIgniter.php(355): CodeIgniter\CodeIgniter->handleRequest(null, Object(Config\Cache), false)
12 SYSTEMPATH\Boot.php(325): CodeIgniter\CodeIgniter->run()
13 SYSTEMPATH\Boot.php(67): CodeIgniter\Boot::runCodeIgniter(Object(CodeIgniter\CodeIgniter))
14 FCPATH\index.php(56): CodeIgniter\Boot::bootWeb(Object(Config\Paths))
15 SYSTEMPATH\Commands\Server\rewrite.php(49): require_once('C:\\xampp\\htdocs\\cici\\public\\index.php')
ERROR - 2024-06-29 15:14:02 --> mysqli_sql_exception: Unknown column 'id' in 'where clause' in C:\xampp\htdocs\cici\system\Database\MySQLi\Connection.php:310
Stack trace:
#0 C:\xampp\htdocs\cici\system\Database\MySQLi\Connection.php(310): mysqli->query('UPDATE `blogs` ...', 0)
#1 C:\xampp\htdocs\cici\system\Database\BaseConnection.php(732): CodeIgniter\Database\MySQLi\Connection->execute('UPDATE `blogs` ...')
#2 C:\xampp\htdocs\cici\system\Database\BaseConnection.php(646): CodeIgniter\Database\BaseConnection->simpleQuery('UPDATE `blogs` ...')
#3 C:\xampp\htdocs\cici\system\Database\BaseBuilder.php(2509): CodeIgniter\Database\BaseConnection->query('UPDATE `blogs` ...', Array, false)
#4 C:\xampp\htdocs\cici\system\Model.php(461): CodeIgniter\Database\BaseBuilder->update()
#5 C:\xampp\htdocs\cici\system\BaseModel.php(1028): CodeIgniter\Model->doUpdate(NULL, Array)
#6 C:\xampp\htdocs\cici\system\Model.php(865): CodeIgniter\BaseModel->update(NULL, Array)
#7 C:\xampp\htdocs\cici\app\Controllers\Blogs\BlogController.php(28): CodeIgniter\Model->update()
#8 C:\xampp\htdocs\cici\system\CodeIgniter.php(933): App\Controllers\Blogs\BlogController->editBlog()
#9 C:\xampp\htdocs\cici\system\CodeIgniter.php(509): CodeIgniter\CodeIgniter->runController(Object(App\Controllers\Blogs\BlogController))
#10 C:\xampp\htdocs\cici\system\CodeIgniter.php(355): CodeIgniter\CodeIgniter->handleRequest(NULL, Object(Config\Cache), false)
#11 C:\xampp\htdocs\cici\system\Boot.php(325): CodeIgniter\CodeIgniter->run()
#12 C:\xampp\htdocs\cici\system\Boot.php(67): CodeIgniter\Boot::runCodeIgniter(Object(CodeIgniter\CodeIgniter))
#13 C:\xampp\htdocs\cici\public\index.php(56): CodeIgniter\Boot::bootWeb(Object(Config\Paths))
#14 C:\xampp\htdocs\cici\system\Commands\Server\rewrite.php(49): require_once('C:\\xampp\\htdocs...')
#15 {main}
CRITICAL - 2024-06-29 15:14:02 --> CodeIgniter\Database\Exceptions\DatabaseException: Unknown column 'id' in 'where clause'
[Method: POST, Route: blogs/edit/]
in SYSTEMPATH\Database\BaseConnection.php on line 686.
 1 SYSTEMPATH\Database\BaseBuilder.php(2509): CodeIgniter\Database\BaseConnection->query('UPDATE `blogs` SET `blog_title` = :blog_title:, `blog_details` = :blog_details:
WHERE `id` IS NULL', [...], false)
 2 SYSTEMPATH\Model.php(461): CodeIgniter\Database\BaseBuilder->update()
 3 SYSTEMPATH\BaseModel.php(1028): CodeIgniter\Model->doUpdate(null, [...])
 4 SYSTEMPATH\Model.php(865): CodeIgniter\BaseModel->update(null, [...])
 5 APPPATH\Controllers\Blogs\BlogController.php(28): CodeIgniter\Model->update()
 6 SYSTEMPATH\CodeIgniter.php(933): App\Controllers\Blogs\BlogController->editBlog()
 7 SYSTEMPATH\CodeIgniter.php(509): CodeIgniter\CodeIgniter->runController(Object(App\Controllers\Blogs\BlogController))
 8 SYSTEMPATH\CodeIgniter.php(355): CodeIgniter\CodeIgniter->handleRequest(null, Object(Config\Cache), false)
 9 SYSTEMPATH\Boot.php(325): CodeIgniter\CodeIgniter->run()
10 SYSTEMPATH\Boot.php(67): CodeIgniter\Boot::runCodeIgniter(Object(CodeIgniter\CodeIgniter))
11 FCPATH\index.php(56): CodeIgniter\Boot::bootWeb(Object(Config\Paths))
12 SYSTEMPATH\Commands\Server\rewrite.php(49): require_once('C:\\xampp\\htdocs\\cici\\public\\index.php')
CRITICAL - 2024-06-29 15:14:02 --> [Caused by] CodeIgniter\Database\Exceptions\DatabaseException: Unknown column 'id' in 'where clause'
in SYSTEMPATH\Database\MySQLi\Connection.php on line 315.
 1 SYSTEMPATH\Database\BaseConnection.php(732): CodeIgniter\Database\MySQLi\Connection->execute('UPDATE `blogs` SET `blog_title` = NULL, `blog_details` = NULL
WHERE `id` IS NULL')
 2 SYSTEMPATH\Database\BaseConnection.php(646): CodeIgniter\Database\BaseConnection->simpleQuery('UPDATE `blogs` SET `blog_title` = NULL, `blog_details` = NULL
WHERE `id` IS NULL')
 3 SYSTEMPATH\Database\BaseBuilder.php(2509): CodeIgniter\Database\BaseConnection->query('UPDATE `blogs` SET `blog_title` = :blog_title:, `blog_details` = :blog_details:
WHERE `id` IS NULL', [...], false)
 4 SYSTEMPATH\Model.php(461): CodeIgniter\Database\BaseBuilder->update()
 5 SYSTEMPATH\BaseModel.php(1028): CodeIgniter\Model->doUpdate(null, [...])
 6 SYSTEMPATH\Model.php(865): CodeIgniter\BaseModel->update(null, [...])
 7 APPPATH\Controllers\Blogs\BlogController.php(28): CodeIgniter\Model->update()
 8 SYSTEMPATH\CodeIgniter.php(933): App\Controllers\Blogs\BlogController->editBlog()
 9 SYSTEMPATH\CodeIgniter.php(509): CodeIgniter\CodeIgniter->runController(Object(App\Controllers\Blogs\BlogController))
10 SYSTEMPATH\CodeIgniter.php(355): CodeIgniter\CodeIgniter->handleRequest(null, Object(Config\Cache), false)
11 SYSTEMPATH\Boot.php(325): CodeIgniter\CodeIgniter->run()
12 SYSTEMPATH\Boot.php(67): CodeIgniter\Boot::runCodeIgniter(Object(CodeIgniter\CodeIgniter))
13 FCPATH\index.php(56): CodeIgniter\Boot::bootWeb(Object(Config\Paths))
14 SYSTEMPATH\Commands\Server\rewrite.php(49): require_once('C:\\xampp\\htdocs\\cici\\public\\index.php')
CRITICAL - 2024-06-29 15:14:02 --> [Caused by] mysqli_sql_exception: Unknown column 'id' in 'where clause'
in SYSTEMPATH\Database\MySQLi\Connection.php on line 310.
 1 SYSTEMPATH\Database\MySQLi\Connection.php(310): mysqli->query('UPDATE `blogs` SET `blog_title` = NULL, `blog_details` = NULL
WHERE `id` IS NULL', 0)
 2 SYSTEMPATH\Database\BaseConnection.php(732): CodeIgniter\Database\MySQLi\Connection->execute('UPDATE `blogs` SET `blog_title` = NULL, `blog_details` = NULL
WHERE `id` IS NULL')
 3 SYSTEMPATH\Database\BaseConnection.php(646): CodeIgniter\Database\BaseConnection->simpleQuery('UPDATE `blogs` SET `blog_title` = NULL, `blog_details` = NULL
WHERE `id` IS NULL')
 4 SYSTEMPATH\Database\BaseBuilder.php(2509): CodeIgniter\Database\BaseConnection->query('UPDATE `blogs` SET `blog_title` = :blog_title:, `blog_details` = :blog_details:
WHERE `id` IS NULL', [...], false)
 5 SYSTEMPATH\Model.php(461): CodeIgniter\Database\BaseBuilder->update()
 6 SYSTEMPATH\BaseModel.php(1028): CodeIgniter\Model->doUpdate(null, [...])
 7 SYSTEMPATH\Model.php(865): CodeIgniter\BaseModel->update(null, [...])
 8 APPPATH\Controllers\Blogs\BlogController.php(28): CodeIgniter\Model->update()
 9 SYSTEMPATH\CodeIgniter.php(933): App\Controllers\Blogs\BlogController->editBlog()
10 SYSTEMPATH\CodeIgniter.php(509): CodeIgniter\CodeIgniter->runController(Object(App\Controllers\Blogs\BlogController))
11 SYSTEMPATH\CodeIgniter.php(355): CodeIgniter\CodeIgniter->handleRequest(null, Object(Config\Cache), false)
12 SYSTEMPATH\Boot.php(325): CodeIgniter\CodeIgniter->run()
13 SYSTEMPATH\Boot.php(67): CodeIgniter\Boot::runCodeIgniter(Object(CodeIgniter\CodeIgniter))
14 FCPATH\index.php(56): CodeIgniter\Boot::bootWeb(Object(Config\Paths))
15 SYSTEMPATH\Commands\Server\rewrite.php(49): require_once('C:\\xampp\\htdocs\\cici\\public\\index.php')
ERROR - 2024-06-29 15:15:14 --> mysqli_sql_exception: Unknown column 'id' in 'where clause' in C:\xampp\htdocs\cici\system\Database\MySQLi\Connection.php:310
Stack trace:
#0 C:\xampp\htdocs\cici\system\Database\MySQLi\Connection.php(310): mysqli->query('UPDATE `blogs` ...', 0)
#1 C:\xampp\htdocs\cici\system\Database\BaseConnection.php(732): CodeIgniter\Database\MySQLi\Connection->execute('UPDATE `blogs` ...')
#2 C:\xampp\htdocs\cici\system\Database\BaseConnection.php(646): CodeIgniter\Database\BaseConnection->simpleQuery('UPDATE `blogs` ...')
#3 C:\xampp\htdocs\cici\system\Database\BaseBuilder.php(2509): CodeIgniter\Database\BaseConnection->query('UPDATE `blogs` ...', Array, false)
#4 C:\xampp\htdocs\cici\system\Model.php(461): CodeIgniter\Database\BaseBuilder->update()
#5 C:\xampp\htdocs\cici\system\BaseModel.php(1028): CodeIgniter\Model->doUpdate(NULL, Array)
#6 C:\xampp\htdocs\cici\system\Model.php(865): CodeIgniter\BaseModel->update(NULL, Array)
#7 C:\xampp\htdocs\cici\app\Controllers\Blogs\BlogController.php(28): CodeIgniter\Model->update()
#8 C:\xampp\htdocs\cici\system\CodeIgniter.php(933): App\Controllers\Blogs\BlogController->editBlog()
#9 C:\xampp\htdocs\cici\system\CodeIgniter.php(509): CodeIgniter\CodeIgniter->runController(Object(App\Controllers\Blogs\BlogController))
#10 C:\xampp\htdocs\cici\system\CodeIgniter.php(355): CodeIgniter\CodeIgniter->handleRequest(NULL, Object(Config\Cache), false)
#11 C:\xampp\htdocs\cici\system\Boot.php(325): CodeIgniter\CodeIgniter->run()
#12 C:\xampp\htdocs\cici\system\Boot.php(67): CodeIgniter\Boot::runCodeIgniter(Object(CodeIgniter\CodeIgniter))
#13 C:\xampp\htdocs\cici\public\index.php(56): CodeIgniter\Boot::bootWeb(Object(Config\Paths))
#14 C:\xampp\htdocs\cici\system\Commands\Server\rewrite.php(49): require_once('C:\\xampp\\htdocs...')
#15 {main}
CRITICAL - 2024-06-29 15:15:14 --> CodeIgniter\Database\Exceptions\DatabaseException: Unknown column 'id' in 'where clause'
[Method: POST, Route: blogs/edit/]
in SYSTEMPATH\Database\BaseConnection.php on line 686.
 1 SYSTEMPATH\Database\BaseBuilder.php(2509): CodeIgniter\Database\BaseConnection->query('UPDATE `blogs` SET `blog_title` = :blog_title:, `blog_details` = :blog_details:
WHERE `id` IS NULL', [...], false)
 2 SYSTEMPATH\Model.php(461): CodeIgniter\Database\BaseBuilder->update()
 3 SYSTEMPATH\BaseModel.php(1028): CodeIgniter\Model->doUpdate(null, [...])
 4 SYSTEMPATH\Model.php(865): CodeIgniter\BaseModel->update(null, [...])
 5 APPPATH\Controllers\Blogs\BlogController.php(28): CodeIgniter\Model->update()
 6 SYSTEMPATH\CodeIgniter.php(933): App\Controllers\Blogs\BlogController->editBlog()
 7 SYSTEMPATH\CodeIgniter.php(509): CodeIgniter\CodeIgniter->runController(Object(App\Controllers\Blogs\BlogController))
 8 SYSTEMPATH\CodeIgniter.php(355): CodeIgniter\CodeIgniter->handleRequest(null, Object(Config\Cache), false)
 9 SYSTEMPATH\Boot.php(325): CodeIgniter\CodeIgniter->run()
10 SYSTEMPATH\Boot.php(67): CodeIgniter\Boot::runCodeIgniter(Object(CodeIgniter\CodeIgniter))
11 FCPATH\index.php(56): CodeIgniter\Boot::bootWeb(Object(Config\Paths))
12 SYSTEMPATH\Commands\Server\rewrite.php(49): require_once('C:\\xampp\\htdocs\\cici\\public\\index.php')
CRITICAL - 2024-06-29 15:15:14 --> [Caused by] CodeIgniter\Database\Exceptions\DatabaseException: Unknown column 'id' in 'where clause'
in SYSTEMPATH\Database\MySQLi\Connection.php on line 315.
 1 SYSTEMPATH\Database\BaseConnection.php(732): CodeIgniter\Database\MySQLi\Connection->execute('UPDATE `blogs` SET `blog_title` = NULL, `blog_details` = NULL
WHERE `id` IS NULL')
 2 SYSTEMPATH\Database\BaseConnection.php(646): CodeIgniter\Database\BaseConnection->simpleQuery('UPDATE `blogs` SET `blog_title` = NULL, `blog_details` = NULL
WHERE `id` IS NULL')
 3 SYSTEMPATH\Database\BaseBuilder.php(2509): CodeIgniter\Database\BaseConnection->query('UPDATE `blogs` SET `blog_title` = :blog_title:, `blog_details` = :blog_details:
WHERE `id` IS NULL', [...], false)
 4 SYSTEMPATH\Model.php(461): CodeIgniter\Database\BaseBuilder->update()
 5 SYSTEMPATH\BaseModel.php(1028): CodeIgniter\Model->doUpdate(null, [...])
 6 SYSTEMPATH\Model.php(865): CodeIgniter\BaseModel->update(null, [...])
 7 APPPATH\Controllers\Blogs\BlogController.php(28): CodeIgniter\Model->update()
 8 SYSTEMPATH\CodeIgniter.php(933): App\Controllers\Blogs\BlogController->editBlog()
 9 SYSTEMPATH\CodeIgniter.php(509): CodeIgniter\CodeIgniter->runController(Object(App\Controllers\Blogs\BlogController))
10 SYSTEMPATH\CodeIgniter.php(355): CodeIgniter\CodeIgniter->handleRequest(null, Object(Config\Cache), false)
11 SYSTEMPATH\Boot.php(325): CodeIgniter\CodeIgniter->run()
12 SYSTEMPATH\Boot.php(67): CodeIgniter\Boot::runCodeIgniter(Object(CodeIgniter\CodeIgniter))
13 FCPATH\index.php(56): CodeIgniter\Boot::bootWeb(Object(Config\Paths))
14 SYSTEMPATH\Commands\Server\rewrite.php(49): require_once('C:\\xampp\\htdocs\\cici\\public\\index.php')
CRITICAL - 2024-06-29 15:15:14 --> [Caused by] mysqli_sql_exception: Unknown column 'id' in 'where clause'
in SYSTEMPATH\Database\MySQLi\Connection.php on line 310.
 1 SYSTEMPATH\Database\MySQLi\Connection.php(310): mysqli->query('UPDATE `blogs` SET `blog_title` = NULL, `blog_details` = NULL
WHERE `id` IS NULL', 0)
 2 SYSTEMPATH\Database\BaseConnection.php(732): CodeIgniter\Database\MySQLi\Connection->execute('UPDATE `blogs` SET `blog_title` = NULL, `blog_details` = NULL
WHERE `id` IS NULL')
 3 SYSTEMPATH\Database\BaseConnection.php(646): CodeIgniter\Database\BaseConnection->simpleQuery('UPDATE `blogs` SET `blog_title` = NULL, `blog_details` = NULL
WHERE `id` IS NULL')
 4 SYSTEMPATH\Database\BaseBuilder.php(2509): CodeIgniter\Database\BaseConnection->query('UPDATE `blogs` SET `blog_title` = :blog_title:, `blog_details` = :blog_details:
WHERE `id` IS NULL', [...], false)
 5 SYSTEMPATH\Model.php(461): CodeIgniter\Database\BaseBuilder->update()
 6 SYSTEMPATH\BaseModel.php(1028): CodeIgniter\Model->doUpdate(null, [...])
 7 SYSTEMPATH\Model.php(865): CodeIgniter\BaseModel->update(null, [...])
 8 APPPATH\Controllers\Blogs\BlogController.php(28): CodeIgniter\Model->update()
 9 SYSTEMPATH\CodeIgniter.php(933): App\Controllers\Blogs\BlogController->editBlog()
10 SYSTEMPATH\CodeIgniter.php(509): CodeIgniter\CodeIgniter->runController(Object(App\Controllers\Blogs\BlogController))
11 SYSTEMPATH\CodeIgniter.php(355): CodeIgniter\CodeIgniter->handleRequest(null, Object(Config\Cache), false)
12 SYSTEMPATH\Boot.php(325): CodeIgniter\CodeIgniter->run()
13 SYSTEMPATH\Boot.php(67): CodeIgniter\Boot::runCodeIgniter(Object(CodeIgniter\CodeIgniter))
14 FCPATH\index.php(56): CodeIgniter\Boot::bootWeb(Object(Config\Paths))
15 SYSTEMPATH\Commands\Server\rewrite.php(49): require_once('C:\\xampp\\htdocs\\cici\\public\\index.php')
CRITICAL - 2024-06-29 15:17:42 --> CodeIgniter\HTTP\Exceptions\HTTPException: Failed to parse JSON string. Error: Syntax error
[Method: POST, Route: blogs/edit/]
in SYSTEMPATH\HTTP\IncomingRequest.php on line 537.
 1 SYSTEMPATH\HTTP\IncomingRequest.php(537): CodeIgniter\HTTP\Exceptions\HTTPException::forInvalidJSON('Syntax error')
 2 SYSTEMPATH\HTTP\IncomingRequest.php(557): CodeIgniter\HTTP\IncomingRequest->getJSON(true)
 3 SYSTEMPATH\HTTP\IncomingRequest.php(505): CodeIgniter\HTTP\IncomingRequest->getJsonVar('blog_id', false, null, null)
 4 APPPATH\Controllers\Blogs\BlogController.php(23): CodeIgniter\HTTP\IncomingRequest->getVar('blog_id')
 5 SYSTEMPATH\CodeIgniter.php(933): App\Controllers\Blogs\BlogController->editBlog()
 6 SYSTEMPATH\CodeIgniter.php(509): CodeIgniter\CodeIgniter->runController(Object(App\Controllers\Blogs\BlogController))
 7 SYSTEMPATH\CodeIgniter.php(355): CodeIgniter\CodeIgniter->handleRequest(null, Object(Config\Cache), false)
 8 SYSTEMPATH\Boot.php(325): CodeIgniter\CodeIgniter->run()
 9 SYSTEMPATH\Boot.php(67): CodeIgniter\Boot::runCodeIgniter(Object(CodeIgniter\CodeIgniter))
10 FCPATH\index.php(56): CodeIgniter\Boot::bootWeb(Object(Config\Paths))
11 SYSTEMPATH\Commands\Server\rewrite.php(49): require_once('C:\\xampp\\htdocs\\cici\\public\\index.php')
CRITICAL - 2024-06-29 15:18:26 --> CodeIgniter\HTTP\Exceptions\HTTPException: Failed to parse JSON string. Error: Syntax error
[Method: POST, Route: blogs/edit/]
in SYSTEMPATH\HTTP\IncomingRequest.php on line 537.
 1 SYSTEMPATH\HTTP\IncomingRequest.php(537): CodeIgniter\HTTP\Exceptions\HTTPException::forInvalidJSON('Syntax error')
 2 SYSTEMPATH\HTTP\IncomingRequest.php(557): CodeIgniter\HTTP\IncomingRequest->getJSON(true)
 3 SYSTEMPATH\HTTP\IncomingRequest.php(505): CodeIgniter\HTTP\IncomingRequest->getJsonVar('blog_id', false, null, null)
 4 APPPATH\Controllers\Blogs\BlogController.php(23): CodeIgniter\HTTP\IncomingRequest->getVar('blog_id')
 5 SYSTEMPATH\CodeIgniter.php(933): App\Controllers\Blogs\BlogController->editBlog()
 6 SYSTEMPATH\CodeIgniter.php(509): CodeIgniter\CodeIgniter->runController(Object(App\Controllers\Blogs\BlogController))
 7 SYSTEMPATH\CodeIgniter.php(355): CodeIgniter\CodeIgniter->handleRequest(null, Object(Config\Cache), false)
 8 SYSTEMPATH\Boot.php(325): CodeIgniter\CodeIgniter->run()
 9 SYSTEMPATH\Boot.php(67): CodeIgniter\Boot::runCodeIgniter(Object(CodeIgniter\CodeIgniter))
10 FCPATH\index.php(56): CodeIgniter\Boot::bootWeb(Object(Config\Paths))
11 SYSTEMPATH\Commands\Server\rewrite.php(49): require_once('C:\\xampp\\htdocs\\cici\\public\\index.php')
CRITICAL - 2024-06-29 15:18:58 --> CodeIgniter\HTTP\Exceptions\HTTPException: Failed to parse JSON string. Error: Syntax error
[Method: POST, Route: blogs/edit/]
in SYSTEMPATH\HTTP\IncomingRequest.php on line 537.
 1 SYSTEMPATH\HTTP\IncomingRequest.php(537): CodeIgniter\HTTP\Exceptions\HTTPException::forInvalidJSON('Syntax error')
 2 SYSTEMPATH\HTTP\IncomingRequest.php(557): CodeIgniter\HTTP\IncomingRequest->getJSON(true)
 3 SYSTEMPATH\HTTP\IncomingRequest.php(505): CodeIgniter\HTTP\IncomingRequest->getJsonVar('blog_id', false, null, null)
 4 APPPATH\Controllers\Blogs\BlogController.php(23): CodeIgniter\HTTP\IncomingRequest->getVar('blog_id')
 5 SYSTEMPATH\CodeIgniter.php(933): App\Controllers\Blogs\BlogController->editBlog()
 6 SYSTEMPATH\CodeIgniter.php(509): CodeIgniter\CodeIgniter->runController(Object(App\Controllers\Blogs\BlogController))
 7 SYSTEMPATH\CodeIgniter.php(355): CodeIgniter\CodeIgniter->handleRequest(null, Object(Config\Cache), false)
 8 SYSTEMPATH\Boot.php(325): CodeIgniter\CodeIgniter->run()
 9 SYSTEMPATH\Boot.php(67): CodeIgniter\Boot::runCodeIgniter(Object(CodeIgniter\CodeIgniter))
10 FCPATH\index.php(56): CodeIgniter\Boot::bootWeb(Object(Config\Paths))
11 SYSTEMPATH\Commands\Server\rewrite.php(49): require_once('C:\\xampp\\htdocs\\cici\\public\\index.php')
CRITICAL - 2024-06-29 15:26:37 --> Error: Call to undefined method CodeIgniter\HTTP\IncomingRequest::getArgs()
[Method: POST, Route: blogs/edit]
in APPPATH\Controllers\Blogs\BlogController.php on line 30.
 1 SYSTEMPATH\CodeIgniter.php(933): App\Controllers\Blogs\BlogController->editBlog()
 2 SYSTEMPATH\CodeIgniter.php(509): CodeIgniter\CodeIgniter->runController(Object(App\Controllers\Blogs\BlogController))
 3 SYSTEMPATH\CodeIgniter.php(355): CodeIgniter\CodeIgniter->handleRequest(null, Object(Config\Cache), false)
 4 SYSTEMPATH\Boot.php(325): CodeIgniter\CodeIgniter->run()
 5 SYSTEMPATH\Boot.php(67): CodeIgniter\Boot::runCodeIgniter(Object(CodeIgniter\CodeIgniter))
 6 FCPATH\index.php(56): CodeIgniter\Boot::bootWeb(Object(Config\Paths))
 7 SYSTEMPATH\Commands\Server\rewrite.php(49): require_once('C:\\xampp\\htdocs\\cici\\public\\index.php')
