CRITICAL - 2024-07-01 15:15:45 --> ErrorException: Undefined variable $people
[Method: GET, Route: people]
in APPPATH\Views\people\people.php on line 28.
 1 APPPATH\Views\people\people.php(28): CodeIgniter\Debug\Exceptions->errorHandler(2, 'Undefined variable $people', 'C:\\xampp\\htdocs\\cici\\app\\Views\\people\\people.php', 28)
 2 SYSTEMPATH\View\View.php(234): include('C:\\xampp\\htdocs\\cici\\app\\Views\\people\\people.php')
 3 SYSTEMPATH\View\View.php(237): CodeIgniter\View\View->CodeIgniter\View\{closure}()
 4 SYSTEMPATH\Common.php(1171): CodeIgniter\View\View->render('people/people', [], true)
 5 APPPATH\Controllers\People\PeopleController.php(17): view('people/people')
 6 SYSTEMPATH\CodeIgniter.php(933): App\Controllers\People\PeopleController->index()
 7 SYSTEMPATH\CodeIgniter.php(509): CodeIgniter\CodeIgniter->runController(Object(App\Controllers\People\PeopleController))
 8 SYSTEMPATH\CodeIgniter.php(355): CodeIgniter\CodeIgniter->handleRequest(null, Object(Config\Cache), false)
 9 SYSTEMPATH\Boot.php(325): CodeIgniter\CodeIgniter->run()
10 SYSTEMPATH\Boot.php(67): CodeIgniter\Boot::runCodeIgniter(Object(CodeIgniter\CodeIgniter))
11 FCPATH\index.php(56): CodeIgniter\Boot::bootWeb(Object(Config\Paths))
12 SYSTEMPATH\Commands\Server\rewrite.php(49): require_once('C:\\xampp\\htdocs\\cici\\public\\index.php')
CRITICAL - 2024-07-01 15:21:10 --> ErrorException: Undefined array key "id"
[Method: GET, Route: people]
in APPPATH\Views\people\people.php on line 39.
 1 APPPATH\Views\people\people.php(39): CodeIgniter\Debug\Exceptions->errorHandler(2, 'Undefined array key "id"', 'C:\\xampp\\htdocs\\cici\\app\\Views\\people\\people.php', 39)
 2 SYSTEMPATH\View\View.php(234): include('C:\\xampp\\htdocs\\cici\\app\\Views\\people\\people.php')
 3 SYSTEMPATH\View\View.php(237): CodeIgniter\View\View->CodeIgniter\View\{closure}()
 4 SYSTEMPATH\Common.php(1171): CodeIgniter\View\View->render('people/people', [], true)
 5 APPPATH\Controllers\People\PeopleController.php(17): view('people/people', [...])
 6 SYSTEMPATH\CodeIgniter.php(933): App\Controllers\People\PeopleController->index()
 7 SYSTEMPATH\CodeIgniter.php(509): CodeIgniter\CodeIgniter->runController(Object(App\Controllers\People\PeopleController))
 8 SYSTEMPATH\CodeIgniter.php(355): CodeIgniter\CodeIgniter->handleRequest(null, Object(Config\Cache), false)
 9 SYSTEMPATH\Boot.php(325): CodeIgniter\CodeIgniter->run()
10 SYSTEMPATH\Boot.php(67): CodeIgniter\Boot::runCodeIgniter(Object(CodeIgniter\CodeIgniter))
11 FCPATH\index.php(56): CodeIgniter\Boot::bootWeb(Object(Config\Paths))
12 SYSTEMPATH\Commands\Server\rewrite.php(49): require_once('C:\\xampp\\htdocs\\cici\\public\\index.php')
CRITICAL - 2024-07-01 15:22:23 --> ErrorException: Undefined array key "id"
[Method: GET, Route: people]
in APPPATH\Views\people\people.php on line 39.
 1 APPPATH\Views\people\people.php(39): CodeIgniter\Debug\Exceptions->errorHandler(2, 'Undefined array key "id"', 'C:\\xampp\\htdocs\\cici\\app\\Views\\people\\people.php', 39)
 2 SYSTEMPATH\View\View.php(234): include('C:\\xampp\\htdocs\\cici\\app\\Views\\people\\people.php')
 3 SYSTEMPATH\View\View.php(237): CodeIgniter\View\View->CodeIgniter\View\{closure}()
 4 SYSTEMPATH\Common.php(1171): CodeIgniter\View\View->render('people/people', [], true)
 5 APPPATH\Controllers\People\PeopleController.php(17): view('people/people', [...])
 6 SYSTEMPATH\CodeIgniter.php(933): App\Controllers\People\PeopleController->index()
 7 SYSTEMPATH\CodeIgniter.php(509): CodeIgniter\CodeIgniter->runController(Object(App\Controllers\People\PeopleController))
 8 SYSTEMPATH\CodeIgniter.php(355): CodeIgniter\CodeIgniter->handleRequest(null, Object(Config\Cache), false)
 9 SYSTEMPATH\Boot.php(325): CodeIgniter\CodeIgniter->run()
10 SYSTEMPATH\Boot.php(67): CodeIgniter\Boot::runCodeIgniter(Object(CodeIgniter\CodeIgniter))
11 FCPATH\index.php(56): CodeIgniter\Boot::bootWeb(Object(Config\Paths))
12 SYSTEMPATH\Commands\Server\rewrite.php(49): require_once('C:\\xampp\\htdocs\\cici\\public\\index.php')
ERROR - 2024-07-01 15:24:52 --> mysqli_sql_exception: Column 'age' cannot be null in C:\xampp\htdocs\cici\system\Database\MySQLi\Connection.php:310
Stack trace:
#0 C:\xampp\htdocs\cici\system\Database\MySQLi\Connection.php(310): mysqli->query('INSERT INTO `pe...', 0)
#1 C:\xampp\htdocs\cici\system\Database\BaseConnection.php(732): CodeIgniter\Database\MySQLi\Connection->execute('INSERT INTO `pe...')
#2 C:\xampp\htdocs\cici\system\Database\BaseConnection.php(646): CodeIgniter\Database\BaseConnection->simpleQuery('INSERT INTO `pe...')
#3 C:\xampp\htdocs\cici\system\Database\BaseBuilder.php(2333): CodeIgniter\Database\BaseConnection->query('INSERT INTO `pe...', Array, false)
#4 C:\xampp\htdocs\cici\system\Model.php(394): CodeIgniter\Database\BaseBuilder->insert()
#5 C:\xampp\htdocs\cici\system\BaseModel.php(840): CodeIgniter\Model->doInsert(Array)
#6 C:\xampp\htdocs\cici\system\Model.php(802): CodeIgniter\BaseModel->insert(Array, false)
#7 C:\xampp\htdocs\cici\system\BaseModel.php(751): CodeIgniter\Model->insert(Array, false)
#8 C:\xampp\htdocs\cici\app\Controllers\People\PeopleController.php(36): CodeIgniter\BaseModel->save(Array)
#9 C:\xampp\htdocs\cici\system\CodeIgniter.php(933): App\Controllers\People\PeopleController->addPerson('1')
#10 C:\xampp\htdocs\cici\system\CodeIgniter.php(509): CodeIgniter\CodeIgniter->runController(Object(App\Controllers\People\PeopleController))
#11 C:\xampp\htdocs\cici\system\CodeIgniter.php(355): CodeIgniter\CodeIgniter->handleRequest(NULL, Object(Config\Cache), false)
#12 C:\xampp\htdocs\cici\system\Boot.php(325): CodeIgniter\CodeIgniter->run()
#13 C:\xampp\htdocs\cici\system\Boot.php(67): CodeIgniter\Boot::runCodeIgniter(Object(CodeIgniter\CodeIgniter))
#14 C:\xampp\htdocs\cici\public\index.php(56): CodeIgniter\Boot::bootWeb(Object(Config\Paths))
#15 C:\xampp\htdocs\cici\system\Commands\Server\rewrite.php(49): require_once('C:\\xampp\\htdocs...')
#16 {main}
CRITICAL - 2024-07-01 15:24:52 --> CodeIgniter\Database\Exceptions\DatabaseException: Column 'age' cannot be null
[Method: GET, Route: people/deletePerson/1]
in SYSTEMPATH\Database\BaseConnection.php on line 686.
 1 SYSTEMPATH\Database\BaseBuilder.php(2333): CodeIgniter\Database\BaseConnection->query('INSERT INTO `people` (`fname`, `lname`, `age`, `address`, `gender`, `salary`) VALUES (:fname:, :lname:, :age:, :address:, :gender:, :salary:)', [...], false)
 2 SYSTEMPATH\Model.php(394): CodeIgniter\Database\BaseBuilder->insert()
 3 SYSTEMPATH\BaseModel.php(840): CodeIgniter\Model->doInsert([...])
 4 SYSTEMPATH\Model.php(802): CodeIgniter\BaseModel->insert([...], false)
 5 SYSTEMPATH\BaseModel.php(751): CodeIgniter\Model->insert([...], false)
 6 APPPATH\Controllers\People\PeopleController.php(36): CodeIgniter\BaseModel->save([...])
 7 SYSTEMPATH\CodeIgniter.php(933): App\Controllers\People\PeopleController->addPerson('1')
 8 SYSTEMPATH\CodeIgniter.php(509): CodeIgniter\CodeIgniter->runController(Object(App\Controllers\People\PeopleController))
 9 SYSTEMPATH\CodeIgniter.php(355): CodeIgniter\CodeIgniter->handleRequest(null, Object(Config\Cache), false)
10 SYSTEMPATH\Boot.php(325): CodeIgniter\CodeIgniter->run()
11 SYSTEMPATH\Boot.php(67): CodeIgniter\Boot::runCodeIgniter(Object(CodeIgniter\CodeIgniter))
12 FCPATH\index.php(56): CodeIgniter\Boot::bootWeb(Object(Config\Paths))
13 SYSTEMPATH\Commands\Server\rewrite.php(49): require_once('C:\\xampp\\htdocs\\cici\\public\\index.php')
CRITICAL - 2024-07-01 15:24:52 --> [Caused by] CodeIgniter\Database\Exceptions\DatabaseException: Column 'age' cannot be null
in SYSTEMPATH\Database\MySQLi\Connection.php on line 315.
 1 SYSTEMPATH\Database\BaseConnection.php(732): CodeIgniter\Database\MySQLi\Connection->execute('INSERT INTO `people` (`fname`, `lname`, `age`, `address`, `gender`, `salary`) VALUES (\'\', \'\', NULL, NULL, NULL, \'0.00\')')
 2 SYSTEMPATH\Database\BaseConnection.php(646): CodeIgniter\Database\BaseConnection->simpleQuery('INSERT INTO `people` (`fname`, `lname`, `age`, `address`, `gender`, `salary`) VALUES (\'\', \'\', NULL, NULL, NULL, \'0.00\')')
 3 SYSTEMPATH\Database\BaseBuilder.php(2333): CodeIgniter\Database\BaseConnection->query('INSERT INTO `people` (`fname`, `lname`, `age`, `address`, `gender`, `salary`) VALUES (:fname:, :lname:, :age:, :address:, :gender:, :salary:)', [...], false)
 4 SYSTEMPATH\Model.php(394): CodeIgniter\Database\BaseBuilder->insert()
 5 SYSTEMPATH\BaseModel.php(840): CodeIgniter\Model->doInsert([...])
 6 SYSTEMPATH\Model.php(802): CodeIgniter\BaseModel->insert([...], false)
 7 SYSTEMPATH\BaseModel.php(751): CodeIgniter\Model->insert([...], false)
 8 APPPATH\Controllers\People\PeopleController.php(36): CodeIgniter\BaseModel->save([...])
 9 SYSTEMPATH\CodeIgniter.php(933): App\Controllers\People\PeopleController->addPerson('1')
10 SYSTEMPATH\CodeIgniter.php(509): CodeIgniter\CodeIgniter->runController(Object(App\Controllers\People\PeopleController))
11 SYSTEMPATH\CodeIgniter.php(355): CodeIgniter\CodeIgniter->handleRequest(null, Object(Config\Cache), false)
12 SYSTEMPATH\Boot.php(325): CodeIgniter\CodeIgniter->run()
13 SYSTEMPATH\Boot.php(67): CodeIgniter\Boot::runCodeIgniter(Object(CodeIgniter\CodeIgniter))
14 FCPATH\index.php(56): CodeIgniter\Boot::bootWeb(Object(Config\Paths))
15 SYSTEMPATH\Commands\Server\rewrite.php(49): require_once('C:\\xampp\\htdocs\\cici\\public\\index.php')
CRITICAL - 2024-07-01 15:24:52 --> [Caused by] mysqli_sql_exception: Column 'age' cannot be null
in SYSTEMPATH\Database\MySQLi\Connection.php on line 310.
 1 SYSTEMPATH\Database\MySQLi\Connection.php(310): mysqli->query('INSERT INTO `people` (`fname`, `lname`, `age`, `address`, `gender`, `salary`) VALUES (\'\', \'\', NULL, NULL, NULL, \'0.00\')', 0)
 2 SYSTEMPATH\Database\BaseConnection.php(732): CodeIgniter\Database\MySQLi\Connection->execute('INSERT INTO `people` (`fname`, `lname`, `age`, `address`, `gender`, `salary`) VALUES (\'\', \'\', NULL, NULL, NULL, \'0.00\')')
 3 SYSTEMPATH\Database\BaseConnection.php(646): CodeIgniter\Database\BaseConnection->simpleQuery('INSERT INTO `people` (`fname`, `lname`, `age`, `address`, `gender`, `salary`) VALUES (\'\', \'\', NULL, NULL, NULL, \'0.00\')')
 4 SYSTEMPATH\Database\BaseBuilder.php(2333): CodeIgniter\Database\BaseConnection->query('INSERT INTO `people` (`fname`, `lname`, `age`, `address`, `gender`, `salary`) VALUES (:fname:, :lname:, :age:, :address:, :gender:, :salary:)', [...], false)
 5 SYSTEMPATH\Model.php(394): CodeIgniter\Database\BaseBuilder->insert()
 6 SYSTEMPATH\BaseModel.php(840): CodeIgniter\Model->doInsert([...])
 7 SYSTEMPATH\Model.php(802): CodeIgniter\BaseModel->insert([...], false)
 8 SYSTEMPATH\BaseModel.php(751): CodeIgniter\Model->insert([...], false)
 9 APPPATH\Controllers\People\PeopleController.php(36): CodeIgniter\BaseModel->save([...])
10 SYSTEMPATH\CodeIgniter.php(933): App\Controllers\People\PeopleController->addPerson('1')
11 SYSTEMPATH\CodeIgniter.php(509): CodeIgniter\CodeIgniter->runController(Object(App\Controllers\People\PeopleController))
12 SYSTEMPATH\CodeIgniter.php(355): CodeIgniter\CodeIgniter->handleRequest(null, Object(Config\Cache), false)
13 SYSTEMPATH\Boot.php(325): CodeIgniter\CodeIgniter->run()
14 SYSTEMPATH\Boot.php(67): CodeIgniter\Boot::runCodeIgniter(Object(CodeIgniter\CodeIgniter))
15 FCPATH\index.php(56): CodeIgniter\Boot::bootWeb(Object(Config\Paths))
16 SYSTEMPATH\Commands\Server\rewrite.php(49): require_once('C:\\xampp\\htdocs\\cici\\public\\index.php')
