CRITICAL - 2024-06-20 15:29:23 --> ErrorException: Trying to access array offset on value of type null
[Method: POST, Route: login]
in APPPATH\Controllers\AccountController.php on line 50.
 1 APPPATH\Controllers\AccountController.php(50): CodeIgniter\Debug\Exceptions->errorHandler(2, 'Trying to access array offset on value of type null', 'C:\\xampp\\htdocs\\cici\\app\\Controllers\\AccountController.php', 50)
 2 SYSTEMPATH\CodeIgniter.php(933): App\Controllers\AccountController->login()
 3 SYSTEMPATH\CodeIgniter.php(509): CodeIgniter\CodeIgniter->runController(Object(App\Controllers\AccountController))
 4 SYSTEMPATH\CodeIgniter.php(355): CodeIgniter\CodeIgniter->handleRequest(null, Object(Config\Cache), false)
 5 SYSTEMPATH\Boot.php(325): CodeIgniter\CodeIgniter->run()
 6 SYSTEMPATH\Boot.php(67): CodeIgniter\Boot::runCodeIgniter(Object(CodeIgniter\CodeIgniter))
 7 FCPATH\index.php(56): CodeIgniter\Boot::bootWeb(Object(Config\Paths))
 8 SYSTEMPATH\Commands\Server\rewrite.php(49): require_once('C:\\xampp\\htdocs\\cici\\public\\index.php')
CRITICAL - 2024-06-20 15:29:34 --> ErrorException: Trying to access array offset on value of type null
[Method: POST, Route: login]
in APPPATH\Controllers\AccountController.php on line 50.
 1 APPPATH\Controllers\AccountController.php(50): CodeIgniter\Debug\Exceptions->errorHandler(2, 'Trying to access array offset on value of type null', 'C:\\xampp\\htdocs\\cici\\app\\Controllers\\AccountController.php', 50)
 2 SYSTEMPATH\CodeIgniter.php(933): App\Controllers\AccountController->login()
 3 SYSTEMPATH\CodeIgniter.php(509): CodeIgniter\CodeIgniter->runController(Object(App\Controllers\AccountController))
 4 SYSTEMPATH\CodeIgniter.php(355): CodeIgniter\CodeIgniter->handleRequest(null, Object(Config\Cache), false)
 5 SYSTEMPATH\Boot.php(325): CodeIgniter\CodeIgniter->run()
 6 SYSTEMPATH\Boot.php(67): CodeIgniter\Boot::runCodeIgniter(Object(CodeIgniter\CodeIgniter))
 7 FCPATH\index.php(56): CodeIgniter\Boot::bootWeb(Object(Config\Paths))
 8 SYSTEMPATH\Commands\Server\rewrite.php(49): require_once('C:\\xampp\\htdocs\\cici\\public\\index.php')
CRITICAL - 2024-06-20 15:29:37 --> ErrorException: Trying to access array offset on value of type null
[Method: GET, Route: login]
in APPPATH\Controllers\AccountController.php on line 50.
 1 APPPATH\Controllers\AccountController.php(50): CodeIgniter\Debug\Exceptions->errorHandler(2, 'Trying to access array offset on value of type null', 'C:\\xampp\\htdocs\\cici\\app\\Controllers\\AccountController.php', 50)
 2 SYSTEMPATH\CodeIgniter.php(933): App\Controllers\AccountController->login()
 3 SYSTEMPATH\CodeIgniter.php(509): CodeIgniter\CodeIgniter->runController(Object(App\Controllers\AccountController))
 4 SYSTEMPATH\CodeIgniter.php(355): CodeIgniter\CodeIgniter->handleRequest(null, Object(Config\Cache), false)
 5 SYSTEMPATH\Boot.php(325): CodeIgniter\CodeIgniter->run()
 6 SYSTEMPATH\Boot.php(67): CodeIgniter\Boot::runCodeIgniter(Object(CodeIgniter\CodeIgniter))
 7 FCPATH\index.php(56): CodeIgniter\Boot::bootWeb(Object(Config\Paths))
 8 SYSTEMPATH\Commands\Server\rewrite.php(49): require_once('C:\\xampp\\htdocs\\cici\\public\\index.php')
CRITICAL - 2024-06-20 15:29:38 --> ErrorException: Trying to access array offset on value of type null
[Method: GET, Route: login]
in APPPATH\Controllers\AccountController.php on line 50.
 1 APPPATH\Controllers\AccountController.php(50): CodeIgniter\Debug\Exceptions->errorHandler(2, 'Trying to access array offset on value of type null', 'C:\\xampp\\htdocs\\cici\\app\\Controllers\\AccountController.php', 50)
 2 SYSTEMPATH\CodeIgniter.php(933): App\Controllers\AccountController->login()
 3 SYSTEMPATH\CodeIgniter.php(509): CodeIgniter\CodeIgniter->runController(Object(App\Controllers\AccountController))
 4 SYSTEMPATH\CodeIgniter.php(355): CodeIgniter\CodeIgniter->handleRequest(null, Object(Config\Cache), false)
 5 SYSTEMPATH\Boot.php(325): CodeIgniter\CodeIgniter->run()
 6 SYSTEMPATH\Boot.php(67): CodeIgniter\Boot::runCodeIgniter(Object(CodeIgniter\CodeIgniter))
 7 FCPATH\index.php(56): CodeIgniter\Boot::bootWeb(Object(Config\Paths))
 8 SYSTEMPATH\Commands\Server\rewrite.php(49): require_once('C:\\xampp\\htdocs\\cici\\public\\index.php')
CRITICAL - 2024-06-20 15:29:40 --> ErrorException: Trying to access array offset on value of type null
[Method: GET, Route: login]
in APPPATH\Controllers\AccountController.php on line 50.
 1 APPPATH\Controllers\AccountController.php(50): CodeIgniter\Debug\Exceptions->errorHandler(2, 'Trying to access array offset on value of type null', 'C:\\xampp\\htdocs\\cici\\app\\Controllers\\AccountController.php', 50)
 2 SYSTEMPATH\CodeIgniter.php(933): App\Controllers\AccountController->login()
 3 SYSTEMPATH\CodeIgniter.php(509): CodeIgniter\CodeIgniter->runController(Object(App\Controllers\AccountController))
 4 SYSTEMPATH\CodeIgniter.php(355): CodeIgniter\CodeIgniter->handleRequest(null, Object(Config\Cache), false)
 5 SYSTEMPATH\Boot.php(325): CodeIgniter\CodeIgniter->run()
 6 SYSTEMPATH\Boot.php(67): CodeIgniter\Boot::runCodeIgniter(Object(CodeIgniter\CodeIgniter))
 7 FCPATH\index.php(56): CodeIgniter\Boot::bootWeb(Object(Config\Paths))
 8 SYSTEMPATH\Commands\Server\rewrite.php(49): require_once('C:\\xampp\\htdocs\\cici\\public\\index.php')
CRITICAL - 2024-06-20 15:29:52 --> ErrorException: Trying to access array offset on value of type null
[Method: GET, Route: login]
in APPPATH\Controllers\AccountController.php on line 50.
 1 APPPATH\Controllers\AccountController.php(50): CodeIgniter\Debug\Exceptions->errorHandler(2, 'Trying to access array offset on value of type null', 'C:\\xampp\\htdocs\\cici\\app\\Controllers\\AccountController.php', 50)
 2 SYSTEMPATH\CodeIgniter.php(933): App\Controllers\AccountController->login()
 3 SYSTEMPATH\CodeIgniter.php(509): CodeIgniter\CodeIgniter->runController(Object(App\Controllers\AccountController))
 4 SYSTEMPATH\CodeIgniter.php(355): CodeIgniter\CodeIgniter->handleRequest(null, Object(Config\Cache), false)
 5 SYSTEMPATH\Boot.php(325): CodeIgniter\CodeIgniter->run()
 6 SYSTEMPATH\Boot.php(67): CodeIgniter\Boot::runCodeIgniter(Object(CodeIgniter\CodeIgniter))
 7 FCPATH\index.php(56): CodeIgniter\Boot::bootWeb(Object(Config\Paths))
 8 SYSTEMPATH\Commands\Server\rewrite.php(49): require_once('C:\\xampp\\htdocs\\cici\\public\\index.php')
CRITICAL - 2024-06-20 15:29:52 --> ErrorException: Trying to access array offset on value of type null
[Method: GET, Route: login]
in APPPATH\Controllers\AccountController.php on line 50.
 1 APPPATH\Controllers\AccountController.php(50): CodeIgniter\Debug\Exceptions->errorHandler(2, 'Trying to access array offset on value of type null', 'C:\\xampp\\htdocs\\cici\\app\\Controllers\\AccountController.php', 50)
 2 SYSTEMPATH\CodeIgniter.php(933): App\Controllers\AccountController->login()
 3 SYSTEMPATH\CodeIgniter.php(509): CodeIgniter\CodeIgniter->runController(Object(App\Controllers\AccountController))
 4 SYSTEMPATH\CodeIgniter.php(355): CodeIgniter\CodeIgniter->handleRequest(null, Object(Config\Cache), false)
 5 SYSTEMPATH\Boot.php(325): CodeIgniter\CodeIgniter->run()
 6 SYSTEMPATH\Boot.php(67): CodeIgniter\Boot::runCodeIgniter(Object(CodeIgniter\CodeIgniter))
 7 FCPATH\index.php(56): CodeIgniter\Boot::bootWeb(Object(Config\Paths))
 8 SYSTEMPATH\Commands\Server\rewrite.php(49): require_once('C:\\xampp\\htdocs\\cici\\public\\index.php')
CRITICAL - 2024-06-20 15:29:53 --> ErrorException: Trying to access array offset on value of type null
[Method: GET, Route: login]
in APPPATH\Controllers\AccountController.php on line 50.
 1 APPPATH\Controllers\AccountController.php(50): CodeIgniter\Debug\Exceptions->errorHandler(2, 'Trying to access array offset on value of type null', 'C:\\xampp\\htdocs\\cici\\app\\Controllers\\AccountController.php', 50)
 2 SYSTEMPATH\CodeIgniter.php(933): App\Controllers\AccountController->login()
 3 SYSTEMPATH\CodeIgniter.php(509): CodeIgniter\CodeIgniter->runController(Object(App\Controllers\AccountController))
 4 SYSTEMPATH\CodeIgniter.php(355): CodeIgniter\CodeIgniter->handleRequest(null, Object(Config\Cache), false)
 5 SYSTEMPATH\Boot.php(325): CodeIgniter\CodeIgniter->run()
 6 SYSTEMPATH\Boot.php(67): CodeIgniter\Boot::runCodeIgniter(Object(CodeIgniter\CodeIgniter))
 7 FCPATH\index.php(56): CodeIgniter\Boot::bootWeb(Object(Config\Paths))
 8 SYSTEMPATH\Commands\Server\rewrite.php(49): require_once('C:\\xampp\\htdocs\\cici\\public\\index.php')
CRITICAL - 2024-06-20 15:29:53 --> ErrorException: Trying to access array offset on value of type null
[Method: GET, Route: login]
in APPPATH\Controllers\AccountController.php on line 50.
 1 APPPATH\Controllers\AccountController.php(50): CodeIgniter\Debug\Exceptions->errorHandler(2, 'Trying to access array offset on value of type null', 'C:\\xampp\\htdocs\\cici\\app\\Controllers\\AccountController.php', 50)
 2 SYSTEMPATH\CodeIgniter.php(933): App\Controllers\AccountController->login()
 3 SYSTEMPATH\CodeIgniter.php(509): CodeIgniter\CodeIgniter->runController(Object(App\Controllers\AccountController))
 4 SYSTEMPATH\CodeIgniter.php(355): CodeIgniter\CodeIgniter->handleRequest(null, Object(Config\Cache), false)
 5 SYSTEMPATH\Boot.php(325): CodeIgniter\CodeIgniter->run()
 6 SYSTEMPATH\Boot.php(67): CodeIgniter\Boot::runCodeIgniter(Object(CodeIgniter\CodeIgniter))
 7 FCPATH\index.php(56): CodeIgniter\Boot::bootWeb(Object(Config\Paths))
 8 SYSTEMPATH\Commands\Server\rewrite.php(49): require_once('C:\\xampp\\htdocs\\cici\\public\\index.php')
CRITICAL - 2024-06-20 15:29:53 --> ErrorException: Trying to access array offset on value of type null
[Method: GET, Route: login]
in APPPATH\Controllers\AccountController.php on line 50.
 1 APPPATH\Controllers\AccountController.php(50): CodeIgniter\Debug\Exceptions->errorHandler(2, 'Trying to access array offset on value of type null', 'C:\\xampp\\htdocs\\cici\\app\\Controllers\\AccountController.php', 50)
 2 SYSTEMPATH\CodeIgniter.php(933): App\Controllers\AccountController->login()
 3 SYSTEMPATH\CodeIgniter.php(509): CodeIgniter\CodeIgniter->runController(Object(App\Controllers\AccountController))
 4 SYSTEMPATH\CodeIgniter.php(355): CodeIgniter\CodeIgniter->handleRequest(null, Object(Config\Cache), false)
 5 SYSTEMPATH\Boot.php(325): CodeIgniter\CodeIgniter->run()
 6 SYSTEMPATH\Boot.php(67): CodeIgniter\Boot::runCodeIgniter(Object(CodeIgniter\CodeIgniter))
 7 FCPATH\index.php(56): CodeIgniter\Boot::bootWeb(Object(Config\Paths))
 8 SYSTEMPATH\Commands\Server\rewrite.php(49): require_once('C:\\xampp\\htdocs\\cici\\public\\index.php')
CRITICAL - 2024-06-20 15:29:53 --> ErrorException: Trying to access array offset on value of type null
[Method: GET, Route: login]
in APPPATH\Controllers\AccountController.php on line 50.
 1 APPPATH\Controllers\AccountController.php(50): CodeIgniter\Debug\Exceptions->errorHandler(2, 'Trying to access array offset on value of type null', 'C:\\xampp\\htdocs\\cici\\app\\Controllers\\AccountController.php', 50)
 2 SYSTEMPATH\CodeIgniter.php(933): App\Controllers\AccountController->login()
 3 SYSTEMPATH\CodeIgniter.php(509): CodeIgniter\CodeIgniter->runController(Object(App\Controllers\AccountController))
 4 SYSTEMPATH\CodeIgniter.php(355): CodeIgniter\CodeIgniter->handleRequest(null, Object(Config\Cache), false)
 5 SYSTEMPATH\Boot.php(325): CodeIgniter\CodeIgniter->run()
 6 SYSTEMPATH\Boot.php(67): CodeIgniter\Boot::runCodeIgniter(Object(CodeIgniter\CodeIgniter))
 7 FCPATH\index.php(56): CodeIgniter\Boot::bootWeb(Object(Config\Paths))
 8 SYSTEMPATH\Commands\Server\rewrite.php(49): require_once('C:\\xampp\\htdocs\\cici\\public\\index.php')
CRITICAL - 2024-06-20 15:30:02 --> ErrorException: Trying to access array offset on value of type null
[Method: GET, Route: login]
in APPPATH\Controllers\AccountController.php on line 50.
 1 APPPATH\Controllers\AccountController.php(50): CodeIgniter\Debug\Exceptions->errorHandler(2, 'Trying to access array offset on value of type null', 'C:\\xampp\\htdocs\\cici\\app\\Controllers\\AccountController.php', 50)
 2 SYSTEMPATH\CodeIgniter.php(933): App\Controllers\AccountController->login()
 3 SYSTEMPATH\CodeIgniter.php(509): CodeIgniter\CodeIgniter->runController(Object(App\Controllers\AccountController))
 4 SYSTEMPATH\CodeIgniter.php(355): CodeIgniter\CodeIgniter->handleRequest(null, Object(Config\Cache), false)
 5 SYSTEMPATH\Boot.php(325): CodeIgniter\CodeIgniter->run()
 6 SYSTEMPATH\Boot.php(67): CodeIgniter\Boot::runCodeIgniter(Object(CodeIgniter\CodeIgniter))
 7 FCPATH\index.php(56): CodeIgniter\Boot::bootWeb(Object(Config\Paths))
 8 SYSTEMPATH\Commands\Server\rewrite.php(49): require_once('C:\\xampp\\htdocs\\cici\\public\\index.php')
CRITICAL - 2024-06-20 15:30:09 --> ErrorException: Trying to access array offset on value of type null
[Method: GET, Route: login]
in APPPATH\Controllers\AccountController.php on line 50.
 1 APPPATH\Controllers\AccountController.php(50): CodeIgniter\Debug\Exceptions->errorHandler(2, 'Trying to access array offset on value of type null', 'C:\\xampp\\htdocs\\cici\\app\\Controllers\\AccountController.php', 50)
 2 SYSTEMPATH\CodeIgniter.php(933): App\Controllers\AccountController->login()
 3 SYSTEMPATH\CodeIgniter.php(509): CodeIgniter\CodeIgniter->runController(Object(App\Controllers\AccountController))
 4 SYSTEMPATH\CodeIgniter.php(355): CodeIgniter\CodeIgniter->handleRequest(null, Object(Config\Cache), false)
 5 SYSTEMPATH\Boot.php(325): CodeIgniter\CodeIgniter->run()
 6 SYSTEMPATH\Boot.php(67): CodeIgniter\Boot::runCodeIgniter(Object(CodeIgniter\CodeIgniter))
 7 FCPATH\index.php(56): CodeIgniter\Boot::bootWeb(Object(Config\Paths))
 8 SYSTEMPATH\Commands\Server\rewrite.php(49): require_once('C:\\xampp\\htdocs\\cici\\public\\index.php')
CRITICAL - 2024-06-20 15:30:32 --> TypeError: view(): Argument #2 ($data) must be of type array, null given, called in C:\xampp\htdocs\cici\app\Controllers\AccountController.php on line 50
[Method: GET, Route: login]
in SYSTEMPATH\Common.php on line 1159.
 1 APPPATH\Controllers\AccountController.php(50): view('auth/login', null)
 2 SYSTEMPATH\CodeIgniter.php(933): App\Controllers\AccountController->login()
 3 SYSTEMPATH\CodeIgniter.php(509): CodeIgniter\CodeIgniter->runController(Object(App\Controllers\AccountController))
 4 SYSTEMPATH\CodeIgniter.php(355): CodeIgniter\CodeIgniter->handleRequest(null, Object(Config\Cache), false)
 5 SYSTEMPATH\Boot.php(325): CodeIgniter\CodeIgniter->run()
 6 SYSTEMPATH\Boot.php(67): CodeIgniter\Boot::runCodeIgniter(Object(CodeIgniter\CodeIgniter))
 7 FCPATH\index.php(56): CodeIgniter\Boot::bootWeb(Object(Config\Paths))
 8 SYSTEMPATH\Commands\Server\rewrite.php(49): require_once('C:\\xampp\\htdocs\\cici\\public\\index.php')
CRITICAL - 2024-06-20 15:30:42 --> TypeError: view(): Argument #2 ($data) must be of type array, null given, called in C:\xampp\htdocs\cici\app\Controllers\AccountController.php on line 50
[Method: GET, Route: login]
in SYSTEMPATH\Common.php on line 1159.
 1 APPPATH\Controllers\AccountController.php(50): view('auth/login', null)
 2 SYSTEMPATH\CodeIgniter.php(933): App\Controllers\AccountController->login()
 3 SYSTEMPATH\CodeIgniter.php(509): CodeIgniter\CodeIgniter->runController(Object(App\Controllers\AccountController))
 4 SYSTEMPATH\CodeIgniter.php(355): CodeIgniter\CodeIgniter->handleRequest(null, Object(Config\Cache), false)
 5 SYSTEMPATH\Boot.php(325): CodeIgniter\CodeIgniter->run()
 6 SYSTEMPATH\Boot.php(67): CodeIgniter\Boot::runCodeIgniter(Object(CodeIgniter\CodeIgniter))
 7 FCPATH\index.php(56): CodeIgniter\Boot::bootWeb(Object(Config\Paths))
 8 SYSTEMPATH\Commands\Server\rewrite.php(49): require_once('C:\\xampp\\htdocs\\cici\\public\\index.php')
CRITICAL - 2024-06-20 15:31:43 --> ErrorException: Trying to access array offset on value of type null
[Method: GET, Route: login]
in APPPATH\Controllers\AccountController.php on line 50.
 1 APPPATH\Controllers\AccountController.php(50): CodeIgniter\Debug\Exceptions->errorHandler(2, 'Trying to access array offset on value of type null', 'C:\\xampp\\htdocs\\cici\\app\\Controllers\\AccountController.php', 50)
 2 SYSTEMPATH\CodeIgniter.php(933): App\Controllers\AccountController->login()
 3 SYSTEMPATH\CodeIgniter.php(509): CodeIgniter\CodeIgniter->runController(Object(App\Controllers\AccountController))
 4 SYSTEMPATH\CodeIgniter.php(355): CodeIgniter\CodeIgniter->handleRequest(null, Object(Config\Cache), false)
 5 SYSTEMPATH\Boot.php(325): CodeIgniter\CodeIgniter->run()
 6 SYSTEMPATH\Boot.php(67): CodeIgniter\Boot::runCodeIgniter(Object(CodeIgniter\CodeIgniter))
 7 FCPATH\index.php(56): CodeIgniter\Boot::bootWeb(Object(Config\Paths))
 8 SYSTEMPATH\Commands\Server\rewrite.php(49): require_once('C:\\xampp\\htdocs\\cici\\public\\index.php')
